
> rescape-web@0.1.0 build
> next build

⚠ Warning: Next.js inferred your workspace root, but it may not be correct.
 We detected multiple lockfiles and selected the directory of E:\Asso-Rescape\package-lock.json as the root directory.
 To silence this warning, set `turbopack.root` in your Next.js config, or consider removing one of the lockfiles if it's not needed.
   See https://nextjs.org/docs/app/api-reference/config/next-config-js/turbopack#root-directory for more information.
 Detected additional lockfiles: 
   * E:\Asso-Rescape\rescape-web\package-lock.json

▲ Next.js 16.1.6 (Turbopack)
- Environments: .env

⚠ The "middleware" file convention is deprecated. Please use "proxy" instead. Learn more: https://nextjs.org/docs/messages/middleware-to-proxy
  Creating an optimized production build ...
✓ Compiled successfully in 2.7s
  Running TypeScript ...
  Collecting page data using 11 workers ...
Error [PrismaClientConstructorValidationError]: Using engine type "client" requires either "adapter" or "accelerateUrl" to be provided to PrismaClient constructor.
Read more at https://pris.ly/d/client-constructor
    at module evaluation (E:\Asso-Rescape\rescape-web\.next\server\chunks\fc729_next_a7967b04._.js:404:61120)
    at instantiateModule (E:\Asso-Rescape\rescape-web\.next\server\chunks\[turbopack]_runtime.js:740:9)
    at instantiateRuntimeModule (E:\Asso-Rescape\rescape-web\.next\server\chunks\[turbopack]_runtime.js:768:12)
    at getOrInstantiateRuntimeModule (E:\Asso-Rescape\rescape-web\.next\server\chunks\[turbopack]_runtime.js:781:12)
    at Object.m (E:\Asso-Rescape\rescape-web\.next\server\chunks\[turbopack]_runtime.js:790:18)
    at Object.<anonymous> (E:\Asso-Rescape\rescape-web\.next\server\app\api\auth\[...nextauth]\route.js:6:3)

> Build error occurred
Error: Failed to collect page data for /api/auth/[...nextauth]
    at ignore-listed frames {
  type: 'Error'
}
